C51 COMPILER V9.01   MAIN                                                                  04/10/2020 18:10:42 PAGE 1   


C51 COMPILER V9.01, COMPILATION OF MODULE MAIN
OBJECT MODULE PLACED IN main.OBJ
COMPILER INVOKED BY: E:\Keil\C51\BIN\C51.EXE main.c BROWSE DEBUG OBJECTEXTEND

line level    source

   1          #include <reg52.h>
   2          
   3          typedef unsigned int u16;
   4          
   5          sbit LSA = P2^2;
   6          sbit LSB = P2^3;
   7          sbit LSC = P2^4;
   8          
   9          u16 smgduan[] = {0x3f,0x06,0x5b,0x4f,0x66,0x6d,0x7d,0x07,
  10                                    0x7f,0x6f,0x77,0x7c,0x39,0x5e,0x79,0x71};
  11          
  12          void delay(u16 i )
  13          {
  14   1              while(i--);
  15   1      }
  16          
  17          void LEDDisplay()
  18          {
  19   1              static u16 i;
  20   1              for(i = 0; i < 8 ; i++)
  21   1              {
  22   2                      switch(i)  // 位选 - 选择点亮的数码管
  23   2                      {
  24   3                      case 0 : LSA = 0; LSB = 0; LSC = 0; break;
  25   3                      case 1 : LSA = 1; LSB = 0; LSC = 0; break;
  26   3                      case 2 : LSA = 0; LSB = 1; LSC = 0; break;
  27   3                      case 3 : LSA = 1; LSB = 1; LSC = 0; break;
  28   3                      case 4 : LSA = 0; LSB = 0; LSC = 1; break;
  29   3                      case 5 : LSA = 1; LSB = 0; LSC = 1; break;
  30   3                      case 6 : LSA = 0; LSB = 1; LSC = 1; break;
  31   3                      case 7 : LSA = 1; LSB = 1; LSC = 1; break;
  32   3                      }
  33   2      
  34   2                      P0 = smgduan[i]; // 发送段码
  35   2                      delay(7000);    // 间隔一段时间扫描
  36   2                      P0 = 0x00; // 消隐
  37   2      
  38   2              }
  39   1      
  40   1      }
  41          
  42          void main()
  43          {
  44   1              while(1)
  45   1              {
  46   2                      LEDDisplay();
  47   2              }
  48   1      }


MODULE INFORMATION:   STATIC OVERLAYABLE
   CODE SIZE        =    148    ----
   CONSTANT SIZE    =   ----    ----
   XDATA SIZE       =   ----    ----
   PDATA SIZE       =   ----    ----
C51 COMPILER V9.01   MAIN                                                                  04/10/2020 18:10:42 PAGE 2   

   DATA SIZE        =     34    ----
   IDATA SIZE       =   ----    ----
   BIT SIZE         =   ----    ----
END OF MODULE INFORMATION.


C51 COMPILATION COMPLETE.  0 WARNING(S),  0 ERROR(S)
