C51 COMPILER V9.01   MAIN                                                                  04/10/2020 18:09:21 PAGE 1   


C51 COMPILER V9.01, COMPILATION OF MODULE MAIN
OBJECT MODULE PLACED IN main.OBJ
COMPILER INVOKED BY: E:\Keil\C51\BIN\C51.EXE main.c BROWSE DEBUG OBJECTEXTEND

line level    source

   1          #include <reg52.h>
   2          #include <intrins.h>
   3          
   4          #define LED P2
   5          
   6          sbit beep = P1^5;
   7          
   8          typedef unsigned char u8;
   9          typedef unsigned int u16;
  10          
  11          void delay(u16 i)
  12          {
  13   1              while(i--);
  14   1      }
  15          
  16          void rang(u16 time, u16 frequency)
  17          {
  18   1              while(time--)
  19   1              {
  20   2                      beep = ~beep;
  21   2                      delay(frequency);
  22   2              }
  23   1      }
  24          
  25          void main()
  26          {
  27   1              u16 i;
  28   1              u16 j;
  29   1              while(1)
  30   1              {
  31   2      
  32   2                      // LED = 0;       
  33   2                      LED = 0xfe;        // 1111 1110
  34   2                      for(i = 0; i < 7; i++)
  35   2                      {
  36   3                              LED = _crol_(LED, 1);
  37   3                              delay(10000);
  38   3                      }
  39   2                      for(i = 0; i < 7; i++)
  40   2                      {
  41   3                              LED = _cror_(LED, 1);
  42   3                              delay(10000);
  43   3                      }
  44   2      //              LED = 0;
  45   2      //              delay(10000);
  46   2      //              LED = 1;
  47   2      //              delay(30000);
  48   2      
  49   2                      
  50   2                      for(j = 10; j < 200; j++)
  51   2                      {
  52   3                        rang(5, j);
  53   3                      }
  54   2                      for(j = 200; j > 10; j--)
  55   2                      {
C51 COMPILER V9.01   MAIN                                                                  04/10/2020 18:09:21 PAGE 2   

  56   3                              rang(5, j);
  57   3                      }
  58   2                      
  59   2              }
  60   1      }


MODULE INFORMATION:   STATIC OVERLAYABLE
   CODE SIZE        =    173    ----
   CONSTANT SIZE    =   ----    ----
   XDATA SIZE       =   ----    ----
   PDATA SIZE       =   ----    ----
   DATA SIZE        =   ----       2
   IDATA SIZE       =   ----    ----
   BIT SIZE         =   ----    ----
END OF MODULE INFORMATION.


C51 COMPILATION COMPLETE.  0 WARNING(S),  0 ERROR(S)
