C51 COMPILER V9.01   MAIN                                                                  04/08/2020 18:02:53 PAGE 1   


C51 COMPILER V9.01, COMPILATION OF MODULE MAIN
OBJECT MODULE PLACED IN main.OBJ
COMPILER INVOKED BY: E:\Keil\C51\BIN\C51.EXE main.c BROWSE DEBUG OBJECTEXTEND

line level    source

   1          #include <reg52.h>
   2          #include <intrins.h>
   3          
   4          #define LED P2
   5          typedef unsigned char u8;
   6          typedef unsigned int u16;
   7          
   8          void delay(u16 i)
   9          {
  10   1              while(i--);
  11   1      }
  12          
  13          void main()
  14          {
  15   1              while(1)
  16   1              {
  17   2                      u16 i;
  18   2                      // LED = 0;       
  19   2                      LED = 0xfe;        // 1111 1110
  20   2                      for(i = 0; i < 7; i++)
  21   2                      {
  22   3                              LED = _crol_(LED, 1);
  23   3                              delay(10000);
  24   3                      }
  25   2                      for(i = 0; i < 7; i++)
  26   2                      {
  27   3                              LED = _cror_(LED, 1);
  28   3                              delay(10000);
  29   3                      }
  30   2      //              LED = 0;
  31   2      //              delay(10000);
  32   2      //              LED = 1;
  33   2      //              delay(30000);
  34   2              }
  35   1      }


MODULE INFORMATION:   STATIC OVERLAYABLE
   CODE SIZE        =     96    ----
   CONSTANT SIZE    =   ----    ----
   XDATA SIZE       =   ----    ----
   PDATA SIZE       =   ----    ----
   DATA SIZE        =   ----       2
   IDATA SIZE       =   ----    ----
   BIT SIZE         =   ----    ----
END OF MODULE INFORMATION.


C51 COMPILATION COMPLETE.  0 WARNING(S),  0 ERROR(S)
